==============================================================================
Tests                                                                         
==============================================================================
Tests.testDemo7                                                               
==============================================================================
Play around with dictionary                                           | PASS |
------------------------------------------------------------------------------
Add book into library                                                   
  Traceback (most recent call last):
    ~~~~~~~~~~~~~~~~~~~~~~~~~~~~~~~~~~~~~~~~~~~~~~~~~~~~~~~~~~~~~~~~~~~~~~~~~~
    File  D:\Learning\RobotFramework Learning\tests\testDemo7.robot:18
    T:  Add book into library    
    ~~~~~~~~~~~~~~~~~~~~~~~~~~~~~~~~~~~~~~~~~~~~~~~~~~~~~~~~~~~~~~~~~~~~~~~~~~
    File  D:\Learning\RobotFramework Learning\tests\testDemo7.robot:27
      Should Be Equal As Strings    successfully added    ${response.json()}[Msg]
      |  ${response.json()}[Msg] = Book Already Exists (str)
______________________________________________________________________________
| FAIL |
successfully added != Book Already Exists
------------------------------------------------------------------------------
Get the book details added                                              
  Traceback (most recent call last):
    ~~~~~~~~~~~~~~~~~~~~~~~~~~~~~~~~~~~~~~~~~~~~~~~~~~~~~~~~~~~~~~~~~~~~~~~~~~
    File  D:\Learning\RobotFramework Learning\tests\testDemo7.robot:30
    T:  Get the book details added    
    ~~~~~~~~~~~~~~~~~~~~~~~~~~~~~~~~~~~~~~~~~~~~~~~~~~~~~~~~~~~~~~~~~~~~~~~~~~
    File  D:\Learning\RobotFramework Learning\tests\testDemo7.robot:31
      GET    ${base_url}/Library/Getbook.php    params=ID=${book_id}
      |  ${base_url}/Library/Getbook.php = https://rahulshettyacademy.com/Library/Getbook.php (str)
      |  params=ID=${book_id} = params=ID=921371120012 (str)
______________________________________________________________________________
| FAIL |
HTTPError: 404 Client Error: Not Found for url: https://rahulshettyacademy.com/Library/Getbook.php?ID=921371120012
------------------------------------------------------------------------------
Delete the book from database                                           
  Traceback (most recent call last):
    ~~~~~~~~~~~~~~~~~~~~~~~~~~~~~~~~~~~~~~~~~~~~~~~~~~~~~~~~~~~~~~~~~~~~~~~~~~
    File  D:\Learning\RobotFramework Learning\tests\testDemo7.robot:34
    T:  Delete the book from database    
    ~~~~~~~~~~~~~~~~~~~~~~~~~~~~~~~~~~~~~~~~~~~~~~~~~~~~~~~~~~~~~~~~~~~~~~~~~~
    File  D:\Learning\RobotFramework Learning\tests\testDemo7.robot:36
      POST    ${base_url}/Library/Deletebook.php    json=&{delete_dict}    expected_status=200
      |  ${base_url}/Library/Deletebook.php = https://rahulshettyacademy.com/Library/Deletebook.php (str)
      |  json=&{delete_dict} = json={'ID': '921371120012'} (str)
______________________________________________________________________________
| FAIL |
Url: https://rahulshettyacademy.com/Library/Deletebook.php Expected status: 404 != 200
------------------------------------------------------------------------------
Tests.testDemo7                                                       | FAIL |
4 tests, 1 passed, 3 failed
==============================================================================
Tests                                                                 | FAIL |
4 tests, 1 passed, 3 failed
==============================================================================
Output:  D:\Learning\RobotFramework Learning\tests\pabot_results\6\output.xml
